{"/Users/aroslavizotov/Desktop/my-pwa-app/src/App.css": {"path":"/Users/aroslavizotov/Desktop/my-pwa-app/src/App.css","statementMap":{},"fnMap":{},"branchMap":{},"s":{},"f":{},"b":{},"meta":{"lastBranch":0,"lastFunction":0,"lastStatement":0,"seen":{}}}
,"/Users/aroslavizotov/Desktop/my-pwa-app/src/App.tsx": {"path":"/Users/aroslavizotov/Desktop/my-pwa-app/src/App.tsx","statementMap":{"0":{"start":{"line":8,"column":24},"end":{"line":8,"column":null}},"1":{"start":{"line":10,"column":2},"end":{"line":117,"column":null}},"2":{"start":{"line":26,"column":25},"end":{"line":26,"column":null}},"3":{"start":{"line":26,"column":45},"end":{"line":26,"column":54}}},"fnMap":{"0":{"name":"App","decl":{"start":{"line":7,"column":9},"end":{"line":7,"column":15}},"loc":{"start":{"line":7,"column":15},"end":{"line":119,"column":null}},"line":7},"1":{"name":"(anonymous_1)","decl":{"start":{"line":26,"column":19},"end":{"line":26,"column":25}},"loc":{"start":{"line":26,"column":25},"end":{"line":26,"column":null}},"line":26},"2":{"name":"(anonymous_2)","decl":{"start":{"line":26,"column":34},"end":{"line":26,"column":35}},"loc":{"start":{"line":26,"column":45},"end":{"line":26,"column":54}},"line":26}},"branchMap":{},"s":{"0":1,"1":1,"2":0,"3":0},"f":{"0":1,"1":0,"2":0},"b":{},"meta":{"lastBranch":0,"lastFunction":3,"lastStatement":4,"seen":{"f:7:9:7:15":0,"s:8:24:8:Infinity":0,"s:10:2:117:Infinity":1,"f:26:19:26:25":1,"s:26:25:26:Infinity":2,"f:26:34:26:35":2,"s:26:45:26:54":3}}}
,"/Users/aroslavizotov/Desktop/my-pwa-app/src/assets/hero.png": {"path":"/Users/aroslavizotov/Desktop/my-pwa-app/src/assets/hero.png","statementMap":{},"fnMap":{},"branchMap":{},"s":{},"f":{},"b":{},"meta":{"lastBranch":0,"lastFunction":0,"lastStatement":0,"seen":{}}}
,"/Users/aroslavizotov/Desktop/my-pwa-app/src/assets/react.svg": {"path":"/Users/aroslavizotov/Desktop/my-pwa-app/src/assets/react.svg","statementMap":{},"fnMap":{},"branchMap":{},"s":{},"f":{},"b":{},"meta":{"lastBranch":0,"lastFunction":0,"lastStatement":0,"seen":{}}}
,"/Users/aroslavizotov/Desktop/my-pwa-app/src/assets/vite.svg": {"path":"/Users/aroslavizotov/Desktop/my-pwa-app/src/assets/vite.svg","statementMap":{},"fnMap":{},"branchMap":{},"s":{},"f":{},"b":{},"meta":{"lastBranch":0,"lastFunction":0,"lastStatement":0,"seen":{}}}
}
